<?xml version="1.0" encoding="UTF-8"?>
<testsuite xmlns:xsi="http://www.w3.org/2001/XMLSchema-instance" xsi:noNamespaceSchemaLocation="https://maven.apache.org/surefire/maven-surefire-plugin/xsd/surefire-test-report.xsd" name="com.course.DemoApplicationTests" time="5.836" tests="1" errors="0" skipped="0" failures="0">
  <properties>
    <property name="sun.desktop" value="windows"/>
    <property name="awt.toolkit" value="sun.awt.windows.WToolkit"/>
    <property name="java.specification.version" value="11"/>
    <property name="sun.cpu.isalist" value="amd64"/>
    <property name="sun.jnu.encoding" value="GBK"/>
    <property name="java.class.path" value="D:\Desktop\1\course\course\target\test-classes;D:\Desktop\1\course\course\target\classes;D:\maven\maven-repo\org\springframework\boot\spring-boot-starter-data-redis\2.5.1\spring-boot-starter-data-redis-2.5.1.jar;D:\maven\maven-repo\org\springframework\boot\spring-boot-starter\2.5.1\spring-boot-starter-2.5.1.jar;D:\maven\maven-repo\org\springframework\boot\spring-boot\2.5.1\spring-boot-2.5.1.jar;D:\maven\maven-repo\org\springframework\boot\spring-boot-starter-logging\2.5.1\spring-boot-starter-logging-2.5.1.jar;D:\maven\maven-repo\ch\qos\logback\logback-classic\1.2.3\logback-classic-1.2.3.jar;D:\maven\maven-repo\ch\qos\logback\logback-core\1.2.3\logback-core-1.2.3.jar;D:\maven\maven-repo\org\apache\logging\log4j\log4j-to-slf4j\2.14.1\log4j-to-slf4j-2.14.1.jar;D:\maven\maven-repo\org\apache\logging\log4j\log4j-api\2.14.1\log4j-api-2.14.1.jar;D:\maven\maven-repo\org\slf4j\jul-to-slf4j\1.7.30\jul-to-slf4j-1.7.30.jar;D:\maven\maven-repo\jakarta\annotation\jakarta.annotation-api\1.3.5\jakarta.annotation-api-1.3.5.jar;D:\maven\maven-repo\org\springframework\data\spring-data-redis\2.5.1\spring-data-redis-2.5.1.jar;D:\maven\maven-repo\org\springframework\data\spring-data-keyvalue\2.5.1\spring-data-keyvalue-2.5.1.jar;D:\maven\maven-repo\org\springframework\data\spring-data-commons\2.5.1\spring-data-commons-2.5.1.jar;D:\maven\maven-repo\org\springframework\spring-tx\5.3.8\spring-tx-5.3.8.jar;D:\maven\maven-repo\org\springframework\spring-oxm\5.3.8\spring-oxm-5.3.8.jar;D:\maven\maven-repo\org\springframework\spring-aop\5.3.8\spring-aop-5.3.8.jar;D:\maven\maven-repo\org\springframework\spring-context-support\5.3.8\spring-context-support-5.3.8.jar;D:\maven\maven-repo\io\lettuce\lettuce-core\6.1.2.RELEASE\lettuce-core-6.1.2.RELEASE.jar;D:\maven\maven-repo\org\apache\commons\commons-pool2\2.9.0\commons-pool2-2.9.0.jar;D:\maven\maven-repo\org\springframework\boot\spring-boot-starter-web\2.5.1\spring-boot-starter-web-2.5.1.jar;D:\maven\maven-repo\org\springframework\boot\spring-boot-starter-json\2.5.1\spring-boot-starter-json-2.5.1.jar;D:\maven\maven-repo\com\fasterxml\jackson\datatype\jackson-datatype-jdk8\2.12.3\jackson-datatype-jdk8-2.12.3.jar;D:\maven\maven-repo\com\fasterxml\jackson\datatype\jackson-datatype-jsr310\2.12.3\jackson-datatype-jsr310-2.12.3.jar;D:\maven\maven-repo\com\fasterxml\jackson\module\jackson-module-parameter-names\2.12.3\jackson-module-parameter-names-2.12.3.jar;D:\maven\maven-repo\org\springframework\boot\spring-boot-starter-tomcat\2.5.1\spring-boot-starter-tomcat-2.5.1.jar;D:\maven\maven-repo\org\apache\tomcat\embed\tomcat-embed-core\9.0.46\tomcat-embed-core-9.0.46.jar;D:\maven\maven-repo\org\apache\tomcat\embed\tomcat-embed-el\9.0.46\tomcat-embed-el-9.0.46.jar;D:\maven\maven-repo\org\apache\tomcat\embed\tomcat-embed-websocket\9.0.46\tomcat-embed-websocket-9.0.46.jar;D:\maven\maven-repo\org\springframework\spring-web\5.3.8\spring-web-5.3.8.jar;D:\maven\maven-repo\org\springframework\spring-beans\5.3.8\spring-beans-5.3.8.jar;D:\maven\maven-repo\org\springframework\spring-webmvc\5.3.8\spring-webmvc-5.3.8.jar;D:\maven\maven-repo\org\springframework\spring-context\5.3.8\spring-context-5.3.8.jar;D:\maven\maven-repo\org\springframework\spring-expression\5.3.8\spring-expression-5.3.8.jar;D:\maven\maven-repo\mysql\mysql-connector-java\8.0.25\mysql-connector-java-8.0.25.jar;D:\maven\maven-repo\org\projectlombok\lombok\1.18.20\lombok-1.18.20.jar;D:\maven\maven-repo\org\springframework\boot\spring-boot-starter-test\2.5.1\spring-boot-starter-test-2.5.1.jar;D:\maven\maven-repo\org\springframework\boot\spring-boot-test\2.5.1\spring-boot-test-2.5.1.jar;D:\maven\maven-repo\org\springframework\boot\spring-boot-test-autoconfigure\2.5.1\spring-boot-test-autoconfigure-2.5.1.jar;D:\maven\maven-repo\com\jayway\jsonpath\json-path\2.5.0\json-path-2.5.0.jar;D:\maven\maven-repo\net\minidev\json-smart\2.4.7\json-smart-2.4.7.jar;D:\maven\maven-repo\net\minidev\accessors-smart\2.4.7\accessors-smart-2.4.7.jar;D:\maven\maven-repo\org\ow2\asm\asm\9.1\asm-9.1.jar;D:\maven\maven-repo\jakarta\xml\bind\jakarta.xml.bind-api\2.3.3\jakarta.xml.bind-api-2.3.3.jar;D:\maven\maven-repo\jakarta\activation\jakarta.activation-api\1.2.2\jakarta.activation-api-1.2.2.jar;D:\maven\maven-repo\org\assertj\assertj-core\3.19.0\assertj-core-3.19.0.jar;D:\maven\maven-repo\org\hamcrest\hamcrest\2.2\hamcrest-2.2.jar;D:\maven\maven-repo\org\junit\jupiter\junit-jupiter\5.7.2\junit-jupiter-5.7.2.jar;D:\maven\maven-repo\org\junit\jupiter\junit-jupiter-api\5.7.2\junit-jupiter-api-5.7.2.jar;D:\maven\maven-repo\org\apiguardian\apiguardian-api\1.1.0\apiguardian-api-1.1.0.jar;D:\maven\maven-repo\org\opentest4j\opentest4j\1.2.0\opentest4j-1.2.0.jar;D:\maven\maven-repo\org\junit\platform\junit-platform-commons\1.7.2\junit-platform-commons-1.7.2.jar;D:\maven\maven-repo\org\junit\jupiter\junit-jupiter-params\5.7.2\junit-jupiter-params-5.7.2.jar;D:\maven\maven-repo\org\junit\jupiter\junit-jupiter-engine\5.7.2\junit-jupiter-engine-5.7.2.jar;D:\maven\maven-repo\org\junit\platform\junit-platform-engine\1.7.2\junit-platform-engine-1.7.2.jar;D:\maven\maven-repo\org\mockito\mockito-core\3.9.0\mockito-core-3.9.0.jar;D:\maven\maven-repo\net\bytebuddy\byte-buddy-agent\1.10.22\byte-buddy-agent-1.10.22.jar;D:\maven\maven-repo\org\objenesis\objenesis\3.2\objenesis-3.2.jar;D:\maven\maven-repo\org\mockito\mockito-junit-jupiter\3.9.0\mockito-junit-jupiter-3.9.0.jar;D:\maven\maven-repo\org\skyscreamer\jsonassert\1.5.0\jsonassert-1.5.0.jar;D:\maven\maven-repo\com\vaadin\external\google\android-json\0.0.20131108.vaadin1\android-json-0.0.20131108.vaadin1.jar;D:\maven\maven-repo\org\springframework\spring-core\5.3.8\spring-core-5.3.8.jar;D:\maven\maven-repo\org\springframework\spring-jcl\5.3.8\spring-jcl-5.3.8.jar;D:\maven\maven-repo\org\springframework\spring-test\5.3.8\spring-test-5.3.8.jar;D:\maven\maven-repo\org\xmlunit\xmlunit-core\2.8.2\xmlunit-core-2.8.2.jar;D:\maven\maven-repo\com\baomidou\mybatis-plus-boot-starter\3.4.3\mybatis-plus-boot-starter-3.4.3.jar;D:\maven\maven-repo\com\baomidou\mybatis-plus\3.4.3\mybatis-plus-3.4.3.jar;D:\maven\maven-repo\org\springframework\boot\spring-boot-autoconfigure\2.5.1\spring-boot-autoconfigure-2.5.1.jar;D:\maven\maven-repo\org\springframework\boot\spring-boot-starter-jdbc\2.5.1\spring-boot-starter-jdbc-2.5.1.jar;D:\maven\maven-repo\com\zaxxer\HikariCP\4.0.3\HikariCP-4.0.3.jar;D:\maven\maven-repo\org\springframework\spring-jdbc\5.3.8\spring-jdbc-5.3.8.jar;D:\maven\maven-repo\com\baomidou\mybatis-plus-generator\3.3.2\mybatis-plus-generator-3.3.2.jar;D:\maven\maven-repo\com\baomidou\mybatis-plus-extension\3.3.2\mybatis-plus-extension-3.3.2.jar;D:\maven\maven-repo\com\baomidou\mybatis-plus-core\3.3.2\mybatis-plus-core-3.3.2.jar;D:\maven\maven-repo\com\baomidou\mybatis-plus-annotation\3.3.2\mybatis-plus-annotation-3.3.2.jar;D:\maven\maven-repo\com\github\jsqlparser\jsqlparser\3.1\jsqlparser-3.1.jar;D:\maven\maven-repo\org\mybatis\mybatis\3.5.4\mybatis-3.5.4.jar;D:\maven\maven-repo\org\mybatis\mybatis-spring\2.0.4\mybatis-spring-2.0.4.jar;D:\maven\maven-repo\cn\hutool\hutool-all\5.7.17\hutool-all-5.7.17.jar;D:\maven\maven-repo\org\freemarker\freemarker\2.3.31\freemarker-2.3.31.jar;D:\maven\maven-repo\org\aspectj\aspectjweaver\1.9.6\aspectjweaver-1.9.6.jar;D:\maven\maven-repo\org\redisson\redisson\3.13.4\redisson-3.13.4.jar;D:\maven\maven-repo\io\netty\netty-common\4.1.65.Final\netty-common-4.1.65.Final.jar;D:\maven\maven-repo\io\netty\netty-codec\4.1.65.Final\netty-codec-4.1.65.Final.jar;D:\maven\maven-repo\io\netty\netty-buffer\4.1.65.Final\netty-buffer-4.1.65.Final.jar;D:\maven\maven-repo\io\netty\netty-transport\4.1.65.Final\netty-transport-4.1.65.Final.jar;D:\maven\maven-repo\io\netty\netty-resolver\4.1.65.Final\netty-resolver-4.1.65.Final.jar;D:\maven\maven-repo\io\netty\netty-resolver-dns\4.1.65.Final\netty-resolver-dns-4.1.65.Final.jar;D:\maven\maven-repo\io\netty\netty-codec-dns\4.1.65.Final\netty-codec-dns-4.1.65.Final.jar;D:\maven\maven-repo\io\netty\netty-handler\4.1.65.Final\netty-handler-4.1.65.Final.jar;D:\maven\maven-repo\javax\cache\cache-api\1.1.1\cache-api-1.1.1.jar;D:\maven\maven-repo\io\projectreactor\reactor-core\3.4.6\reactor-core-3.4.6.jar;D:\maven\maven-repo\org\reactivestreams\reactive-streams\1.0.3\reactive-streams-1.0.3.jar;D:\maven\maven-repo\io\reactivex\rxjava2\rxjava\2.2.21\rxjava-2.2.21.jar;D:\maven\maven-repo\org\jboss\marshalling\jboss-marshalling-river\2.0.9.Final\jboss-marshalling-river-2.0.9.Final.jar;D:\maven\maven-repo\org\jboss\marshalling\jboss-marshalling\2.0.9.Final\jboss-marshalling-2.0.9.Final.jar;D:\maven\maven-repo\org\slf4j\slf4j-api\1.7.30\slf4j-api-1.7.30.jar;D:\maven\maven-repo\org\yaml\snakeyaml\1.28\snakeyaml-1.28.jar;D:\maven\maven-repo\com\fasterxml\jackson\dataformat\jackson-dataformat-yaml\2.12.3\jackson-dataformat-yaml-2.12.3.jar;D:\maven\maven-repo\com\fasterxml\jackson\core\jackson-core\2.12.3\jackson-core-2.12.3.jar;D:\maven\maven-repo\com\fasterxml\jackson\core\jackson-databind\2.12.3\jackson-databind-2.12.3.jar;D:\maven\maven-repo\com\fasterxml\jackson\core\jackson-annotations\2.12.3\jackson-annotations-2.12.3.jar;D:\maven\maven-repo\net\bytebuddy\byte-buddy\1.10.22\byte-buddy-1.10.22.jar;D:\maven\maven-repo\org\jodd\jodd-bean\5.1.6\jodd-bean-5.1.6.jar;D:\maven\maven-repo\org\jodd\jodd-core\5.1.6\jodd-core-5.1.6.jar;"/>
    <property name="java.vm.vendor" value="Oracle Corporation"/>
    <property name="sun.arch.data.model" value="64"/>
    <property name="user.variant" value=""/>
    <property name="java.vendor.url" value="https://openjdk.java.net/"/>
    <property name="user.timezone" value="Asia/Shanghai"/>
    <property name="java.vm.specification.version" value="11"/>
    <property name="os.name" value="Windows 10"/>
    <property name="sun.java.launcher" value="SUN_STANDARD"/>
    <property name="user.country" value="CN"/>
    <property name="sun.boot.library.path" value="D:\java11\bin"/>
    <property name="sun.java.command" value="D:\SYSTEM~2\surefire5937914573275604766\surefirebooter15398691512513749801.jar D:\SystemCache\surefire5937914573275604766 2023-06-05T20-17-23_025-jvmRun1 surefire11132521806418178836tmp surefire_05683089858160571227tmp"/>
    <property name="jdk.debug" value="release"/>
    <property name="surefire.test.class.path" value="D:\Desktop\1\course\course\target\test-classes;D:\Desktop\1\course\course\target\classes;D:\maven\maven-repo\org\springframework\boot\spring-boot-starter-data-redis\2.5.1\spring-boot-starter-data-redis-2.5.1.jar;D:\maven\maven-repo\org\springframework\boot\spring-boot-starter\2.5.1\spring-boot-starter-2.5.1.jar;D:\maven\maven-repo\org\springframework\boot\spring-boot\2.5.1\spring-boot-2.5.1.jar;D:\maven\maven-repo\org\springframework\boot\spring-boot-starter-logging\2.5.1\spring-boot-starter-logging-2.5.1.jar;D:\maven\maven-repo\ch\qos\logback\logback-classic\1.2.3\logback-classic-1.2.3.jar;D:\maven\maven-repo\ch\qos\logback\logback-core\1.2.3\logback-core-1.2.3.jar;D:\maven\maven-repo\org\apache\logging\log4j\log4j-to-slf4j\2.14.1\log4j-to-slf4j-2.14.1.jar;D:\maven\maven-repo\org\apache\logging\log4j\log4j-api\2.14.1\log4j-api-2.14.1.jar;D:\maven\maven-repo\org\slf4j\jul-to-slf4j\1.7.30\jul-to-slf4j-1.7.30.jar;D:\maven\maven-repo\jakarta\annotation\jakarta.annotation-api\1.3.5\jakarta.annotation-api-1.3.5.jar;D:\maven\maven-repo\org\springframework\data\spring-data-redis\2.5.1\spring-data-redis-2.5.1.jar;D:\maven\maven-repo\org\springframework\data\spring-data-keyvalue\2.5.1\spring-data-keyvalue-2.5.1.jar;D:\maven\maven-repo\org\springframework\data\spring-data-commons\2.5.1\spring-data-commons-2.5.1.jar;D:\maven\maven-repo\org\springframework\spring-tx\5.3.8\spring-tx-5.3.8.jar;D:\maven\maven-repo\org\springframework\spring-oxm\5.3.8\spring-oxm-5.3.8.jar;D:\maven\maven-repo\org\springframework\spring-aop\5.3.8\spring-aop-5.3.8.jar;D:\maven\maven-repo\org\springframework\spring-context-support\5.3.8\spring-context-support-5.3.8.jar;D:\maven\maven-repo\io\lettuce\lettuce-core\6.1.2.RELEASE\lettuce-core-6.1.2.RELEASE.jar;D:\maven\maven-repo\org\apache\commons\commons-pool2\2.9.0\commons-pool2-2.9.0.jar;D:\maven\maven-repo\org\springframework\boot\spring-boot-starter-web\2.5.1\spring-boot-starter-web-2.5.1.jar;D:\maven\maven-repo\org\springframework\boot\spring-boot-starter-json\2.5.1\spring-boot-starter-json-2.5.1.jar;D:\maven\maven-repo\com\fasterxml\jackson\datatype\jackson-datatype-jdk8\2.12.3\jackson-datatype-jdk8-2.12.3.jar;D:\maven\maven-repo\com\fasterxml\jackson\datatype\jackson-datatype-jsr310\2.12.3\jackson-datatype-jsr310-2.12.3.jar;D:\maven\maven-repo\com\fasterxml\jackson\module\jackson-module-parameter-names\2.12.3\jackson-module-parameter-names-2.12.3.jar;D:\maven\maven-repo\org\springframework\boot\spring-boot-starter-tomcat\2.5.1\spring-boot-starter-tomcat-2.5.1.jar;D:\maven\maven-repo\org\apache\tomcat\embed\tomcat-embed-core\9.0.46\tomcat-embed-core-9.0.46.jar;D:\maven\maven-repo\org\apache\tomcat\embed\tomcat-embed-el\9.0.46\tomcat-embed-el-9.0.46.jar;D:\maven\maven-repo\org\apache\tomcat\embed\tomcat-embed-websocket\9.0.46\tomcat-embed-websocket-9.0.46.jar;D:\maven\maven-repo\org\springframework\spring-web\5.3.8\spring-web-5.3.8.jar;D:\maven\maven-repo\org\springframework\spring-beans\5.3.8\spring-beans-5.3.8.jar;D:\maven\maven-repo\org\springframework\spring-webmvc\5.3.8\spring-webmvc-5.3.8.jar;D:\maven\maven-repo\org\springframework\spring-context\5.3.8\spring-context-5.3.8.jar;D:\maven\maven-repo\org\springframework\spring-expression\5.3.8\spring-expression-5.3.8.jar;D:\maven\maven-repo\mysql\mysql-connector-java\8.0.25\mysql-connector-java-8.0.25.jar;D:\maven\maven-repo\org\projectlombok\lombok\1.18.20\lombok-1.18.20.jar;D:\maven\maven-repo\org\springframework\boot\spring-boot-starter-test\2.5.1\spring-boot-starter-test-2.5.1.jar;D:\maven\maven-repo\org\springframework\boot\spring-boot-test\2.5.1\spring-boot-test-2.5.1.jar;D:\maven\maven-repo\org\springframework\boot\spring-boot-test-autoconfigure\2.5.1\spring-boot-test-autoconfigure-2.5.1.jar;D:\maven\maven-repo\com\jayway\jsonpath\json-path\2.5.0\json-path-2.5.0.jar;D:\maven\maven-repo\net\minidev\json-smart\2.4.7\json-smart-2.4.7.jar;D:\maven\maven-repo\net\minidev\accessors-smart\2.4.7\accessors-smart-2.4.7.jar;D:\maven\maven-repo\org\ow2\asm\asm\9.1\asm-9.1.jar;D:\maven\maven-repo\jakarta\xml\bind\jakarta.xml.bind-api\2.3.3\jakarta.xml.bind-api-2.3.3.jar;D:\maven\maven-repo\jakarta\activation\jakarta.activation-api\1.2.2\jakarta.activation-api-1.2.2.jar;D:\maven\maven-repo\org\assertj\assertj-core\3.19.0\assertj-core-3.19.0.jar;D:\maven\maven-repo\org\hamcrest\hamcrest\2.2\hamcrest-2.2.jar;D:\maven\maven-repo\org\junit\jupiter\junit-jupiter\5.7.2\junit-jupiter-5.7.2.jar;D:\maven\maven-repo\org\junit\jupiter\junit-jupiter-api\5.7.2\junit-jupiter-api-5.7.2.jar;D:\maven\maven-repo\org\apiguardian\apiguardian-api\1.1.0\apiguardian-api-1.1.0.jar;D:\maven\maven-repo\org\opentest4j\opentest4j\1.2.0\opentest4j-1.2.0.jar;D:\maven\maven-repo\org\junit\platform\junit-platform-commons\1.7.2\junit-platform-commons-1.7.2.jar;D:\maven\maven-repo\org\junit\jupiter\junit-jupiter-params\5.7.2\junit-jupiter-params-5.7.2.jar;D:\maven\maven-repo\org\junit\jupiter\junit-jupiter-engine\5.7.2\junit-jupiter-engine-5.7.2.jar;D:\maven\maven-repo\org\junit\platform\junit-platform-engine\1.7.2\junit-platform-engine-1.7.2.jar;D:\maven\maven-repo\org\mockito\mockito-core\3.9.0\mockito-core-3.9.0.jar;D:\maven\maven-repo\net\bytebuddy\byte-buddy-agent\1.10.22\byte-buddy-agent-1.10.22.jar;D:\maven\maven-repo\org\objenesis\objenesis\3.2\objenesis-3.2.jar;D:\maven\maven-repo\org\mockito\mockito-junit-jupiter\3.9.0\mockito-junit-jupiter-3.9.0.jar;D:\maven\maven-repo\org\skyscreamer\jsonassert\1.5.0\jsonassert-1.5.0.jar;D:\maven\maven-repo\com\vaadin\external\google\android-json\0.0.20131108.vaadin1\android-json-0.0.20131108.vaadin1.jar;D:\maven\maven-repo\org\springframework\spring-core\5.3.8\spring-core-5.3.8.jar;D:\maven\maven-repo\org\springframework\spring-jcl\5.3.8\spring-jcl-5.3.8.jar;D:\maven\maven-repo\org\springframework\spring-test\5.3.8\spring-test-5.3.8.jar;D:\maven\maven-repo\org\xmlunit\xmlunit-core\2.8.2\xmlunit-core-2.8.2.jar;D:\maven\maven-repo\com\baomidou\mybatis-plus-boot-starter\3.4.3\mybatis-plus-boot-starter-3.4.3.jar;D:\maven\maven-repo\com\baomidou\mybatis-plus\3.4.3\mybatis-plus-3.4.3.jar;D:\maven\maven-repo\org\springframework\boot\spring-boot-autoconfigure\2.5.1\spring-boot-autoconfigure-2.5.1.jar;D:\maven\maven-repo\org\springframework\boot\spring-boot-starter-jdbc\2.5.1\spring-boot-starter-jdbc-2.5.1.jar;D:\maven\maven-repo\com\zaxxer\HikariCP\4.0.3\HikariCP-4.0.3.jar;D:\maven\maven-repo\org\springframework\spring-jdbc\5.3.8\spring-jdbc-5.3.8.jar;D:\maven\maven-repo\com\baomidou\mybatis-plus-generator\3.3.2\mybatis-plus-generator-3.3.2.jar;D:\maven\maven-repo\com\baomidou\mybatis-plus-extension\3.3.2\mybatis-plus-extension-3.3.2.jar;D:\maven\maven-repo\com\baomidou\mybatis-plus-core\3.3.2\mybatis-plus-core-3.3.2.jar;D:\maven\maven-repo\com\baomidou\mybatis-plus-annotation\3.3.2\mybatis-plus-annotation-3.3.2.jar;D:\maven\maven-repo\com\github\jsqlparser\jsqlparser\3.1\jsqlparser-3.1.jar;D:\maven\maven-repo\org\mybatis\mybatis\3.5.4\mybatis-3.5.4.jar;D:\maven\maven-repo\org\mybatis\mybatis-spring\2.0.4\mybatis-spring-2.0.4.jar;D:\maven\maven-repo\cn\hutool\hutool-all\5.7.17\hutool-all-5.7.17.jar;D:\maven\maven-repo\org\freemarker\freemarker\2.3.31\freemarker-2.3.31.jar;D:\maven\maven-repo\org\aspectj\aspectjweaver\1.9.6\aspectjweaver-1.9.6.jar;D:\maven\maven-repo\org\redisson\redisson\3.13.4\redisson-3.13.4.jar;D:\maven\maven-repo\io\netty\netty-common\4.1.65.Final\netty-common-4.1.65.Final.jar;D:\maven\maven-repo\io\netty\netty-codec\4.1.65.Final\netty-codec-4.1.65.Final.jar;D:\maven\maven-repo\io\netty\netty-buffer\4.1.65.Final\netty-buffer-4.1.65.Final.jar;D:\maven\maven-repo\io\netty\netty-transport\4.1.65.Final\netty-transport-4.1.65.Final.jar;D:\maven\maven-repo\io\netty\netty-resolver\4.1.65.Final\netty-resolver-4.1.65.Final.jar;D:\maven\maven-repo\io\netty\netty-resolver-dns\4.1.65.Final\netty-resolver-dns-4.1.65.Final.jar;D:\maven\maven-repo\io\netty\netty-codec-dns\4.1.65.Final\netty-codec-dns-4.1.65.Final.jar;D:\maven\maven-repo\io\netty\netty-handler\4.1.65.Final\netty-handler-4.1.65.Final.jar;D:\maven\maven-repo\javax\cache\cache-api\1.1.1\cache-api-1.1.1.jar;D:\maven\maven-repo\io\projectreactor\reactor-core\3.4.6\reactor-core-3.4.6.jar;D:\maven\maven-repo\org\reactivestreams\reactive-streams\1.0.3\reactive-streams-1.0.3.jar;D:\maven\maven-repo\io\reactivex\rxjava2\rxjava\2.2.21\rxjava-2.2.21.jar;D:\maven\maven-repo\org\jboss\marshalling\jboss-marshalling-river\2.0.9.Final\jboss-marshalling-river-2.0.9.Final.jar;D:\maven\maven-repo\org\jboss\marshalling\jboss-marshalling\2.0.9.Final\jboss-marshalling-2.0.9.Final.jar;D:\maven\maven-repo\org\slf4j\slf4j-api\1.7.30\slf4j-api-1.7.30.jar;D:\maven\maven-repo\org\yaml\snakeyaml\1.28\snakeyaml-1.28.jar;D:\maven\maven-repo\com\fasterxml\jackson\dataformat\jackson-dataformat-yaml\2.12.3\jackson-dataformat-yaml-2.12.3.jar;D:\maven\maven-repo\com\fasterxml\jackson\core\jackson-core\2.12.3\jackson-core-2.12.3.jar;D:\maven\maven-repo\com\fasterxml\jackson\core\jackson-databind\2.12.3\jackson-databind-2.12.3.jar;D:\maven\maven-repo\com\fasterxml\jackson\core\jackson-annotations\2.12.3\jackson-annotations-2.12.3.jar;D:\maven\maven-repo\net\bytebuddy\byte-buddy\1.10.22\byte-buddy-1.10.22.jar;D:\maven\maven-repo\org\jodd\jodd-bean\5.1.6\jodd-bean-5.1.6.jar;D:\maven\maven-repo\org\jodd\jodd-core\5.1.6\jodd-core-5.1.6.jar;"/>
    <property name="sun.cpu.endian" value="little"/>
    <property name="user.home" value="C:\Users\zhou"/>
    <property name="user.language" value="zh"/>
    <property name="java.specification.vendor" value="Oracle Corporation"/>
    <property name="java.version.date" value="2022-10-18"/>
    <property name="java.home" value="D:\java11"/>
    <property name="file.separator" value="\"/>
    <property name="basedir" value="D:\Desktop\1\course\course"/>
    <property name="java.vm.compressedOopsMode" value="Zero based"/>
    <property name="line.separator" value="&#10;"/>
    <property name="java.specification.name" value="Java Platform API Specification"/>
    <property name="java.vm.specification.vendor" value="Oracle Corporation"/>
    <property name="java.awt.graphicsenv" value="sun.awt.Win32GraphicsEnvironment"/>
    <property name="idea.version2020.1.1" value="true"/>
    <property name="surefire.real.class.path" value="D:\SYSTEM~2\surefire5937914573275604766\surefirebooter15398691512513749801.jar"/>
    <property name="user.script" value=""/>
    <property name="sun.management.compiler" value="HotSpot 64-Bit Tiered Compilers"/>
    <property name="java.runtime.version" value="11.0.17+10-LTS-269"/>
    <property name="user.name" value="zhou"/>
    <property name="path.separator" value=";"/>
    <property name="os.version" value="10.0"/>
    <property name="java.runtime.name" value="Java(TM) SE Runtime Environment"/>
    <property name="file.encoding" value="GBK"/>
    <property name="java.vm.name" value="Java HotSpot(TM) 64-Bit Server VM"/>
    <property name="java.vendor.version" value="18.9"/>
    <property name="localRepository" value="D:\maven\maven-repo"/>
    <property name="java.vendor.url.bug" value="https://bugreport.java.com/bugreport/"/>
    <property name="java.io.tmpdir" value="D:\SYSTEM~2\"/>
    <property name="java.version" value="11.0.17"/>
    <property name="user.dir" value="D:\Desktop\1\course\course"/>
    <property name="os.arch" value="amd64"/>
    <property name="java.vm.specification.name" value="Java Virtual Machine Specification"/>
    <property name="java.awt.printerjob" value="sun.awt.windows.WPrinterJob"/>
    <property name="sun.os.patch.level" value=""/>
    <property name="java.library.path" value="D:\java11\bin;C:\Windows\Sun\Java\bin;C:\Windows\system32;C:\Windows;C:\Program Files\Common Files\Oracle\Java\javapath;C:\Windows\system32;C:\Windows;C:\Windows\System32\Wbem;C:\Windows\System32\WindowsPowerShell\v1.0\;C:\Windows\System32\OpenSSH\;C:\Program Files (x86)\NVIDIA Corporation\PhysX\Common;C:\Program Files\NVIDIA Corporation\NVIDIA NvDLISR;D:\java11\bin;D:\Git\cmd;D:\maven\apache-maven-3.6.3\bin;;D:\Microsoft VS Code\bin;C:\Users\zhou\AppData\Local\Microsoft\WindowsApps;;."/>
    <property name="java.vendor" value="Oracle Corporation"/>
    <property name="java.vm.info" value="mixed mode"/>
    <property name="java.vm.version" value="11.0.17+10-LTS-269"/>
    <property name="sun.io.unicode.encoding" value="UnicodeLittle"/>
    <property name="maven.repo.local" value="D:\maven\maven-repo"/>
    <property name="java.class.version" value="55.0"/>
  </properties>
  <testcase name="contextLoads" classname="com.course.DemoApplicationTests" time="0.319"/>
</testsuite>